[2024-05-23 12:18:48,630: INFO: main: Testing custom log]
[2024-05-24 14:20:44,102: INFO: main: >>>>>> stage Data Ingestion Stage started <<<<<<<<]
[2024-05-24 14:20:44,105: INFO: common: yaml file: config\config.yaml loaded successfully]
[2024-05-24 14:20:44,108: INFO: common: yaml file: params.yaml loaded successfully]
[2024-05-24 14:20:44,110: INFO: common: created directory at: artifacts]
[2024-05-24 14:20:44,113: INFO: common: created directory at: artifacts/data_ingestion]
[2024-05-24 14:20:44,115: INFO: data_ingestion: Downloading data from https://drive.google.com/file/d/1vlhZ5c7abUKF8xXERIw6m9Te8fW7ohw3/view?usp=sharing into file artifacts/data_ingestion/data.zip]
[2024-05-24 14:20:54,593: INFO: data_ingestion: Downloaded data from https://drive.google.com/file/d/1vlhZ5c7abUKF8xXERIw6m9Te8fW7ohw3/view?usp=sharing into file artifacts/data_ingestion/data.zip]
[2024-05-24 14:21:04,696: INFO: main: >>>>>>> stage Data Ingestion Stage completed <<<<<<<<

x==========x]
[2024-06-15 18:19:13,513: INFO: common: yaml file: config\config.yaml loaded successfully]
[2024-06-15 18:19:13,570: INFO: common: yaml file: params.yaml loaded successfully]
[2024-06-15 18:19:13,574: INFO: common: created directory at: artifacts]
[2024-06-15 18:29:53,465: INFO: common: yaml file: config\config.yaml loaded successfully]
[2024-06-15 18:29:53,467: INFO: common: yaml file: params.yaml loaded successfully]
[2024-06-15 18:29:53,469: INFO: common: created directory at: artifacts]
[2024-06-15 18:30:43,339: INFO: common: yaml file: config\config.yaml loaded successfully]
[2024-06-15 18:30:43,341: INFO: common: yaml file: params.yaml loaded successfully]
[2024-06-15 18:30:43,343: INFO: common: created directory at: artifacts]
[2024-06-15 18:32:43,269: INFO: common: yaml file: config\config.yaml loaded successfully]
[2024-06-15 18:32:43,272: INFO: common: yaml file: params.yaml loaded successfully]
[2024-06-15 18:32:43,273: INFO: common: created directory at: artifacts]
[2024-06-15 18:32:52,070: WARNING: saving_utils: Compiled the loaded model, but the compiled metrics have yet to be built. `model.compile_metrics` will be empty until you train or evaluate the model.]
[2024-06-15 18:35:00,681: INFO: common: yaml file: config\config.yaml loaded successfully]
[2024-06-15 18:35:00,684: INFO: common: yaml file: params.yaml loaded successfully]
[2024-06-15 18:35:00,686: INFO: common: created directory at: artifacts]
[2024-06-15 18:35:01,314: WARNING: saving_utils: Compiled the loaded model, but the compiled metrics have yet to be built. `model.compile_metrics` will be empty until you train or evaluate the model.]
[2024-06-15 18:35:24,305: INFO: common: yaml file: config\config.yaml loaded successfully]
[2024-06-15 18:35:24,308: INFO: common: yaml file: params.yaml loaded successfully]
[2024-06-15 18:35:24,309: INFO: common: created directory at: artifacts]
[2024-06-15 18:35:24,700: WARNING: saving_utils: Compiled the loaded model, but the compiled metrics have yet to be built. `model.compile_metrics` will be empty until you train or evaluate the model.]
[2024-06-15 18:36:56,614: INFO: common: yaml file: config\config.yaml loaded successfully]
[2024-06-15 18:36:56,633: INFO: common: yaml file: params.yaml loaded successfully]
[2024-06-15 18:36:56,635: INFO: common: created directory at: artifacts]
[2024-06-15 18:36:57,276: WARNING: saving_utils: Compiled the loaded model, but the compiled metrics have yet to be built. `model.compile_metrics` will be empty until you train or evaluate the model.]
[2024-06-15 18:38:09,861: INFO: common: yaml file: config\config.yaml loaded successfully]
[2024-06-15 18:38:09,864: INFO: common: yaml file: params.yaml loaded successfully]
[2024-06-15 18:38:09,866: INFO: common: created directory at: artifacts]
[2024-06-15 18:38:10,404: WARNING: saving_utils: Compiled the loaded model, but the compiled metrics have yet to be built. `model.compile_metrics` will be empty until you train or evaluate the model.]
[2024-06-15 19:00:51,491: INFO: main: >>>>>> stage Data Ingestion Stage started <<<<<<<<]
[2024-06-15 19:00:51,493: INFO: common: yaml file: config\config.yaml loaded successfully]
[2024-06-15 19:00:51,494: INFO: common: yaml file: params.yaml loaded successfully]
[2024-06-15 19:00:51,495: INFO: common: created directory at: artifacts]
[2024-06-15 19:00:51,496: INFO: common: created directory at: artifacts/data_ingestion]
[2024-06-15 19:00:51,497: INFO: data_ingestion: Downloading data from https://drive.google.com/file/d/1vlhZ5c7abUKF8xXERIw6m9Te8fW7ohw3/view?usp=sharing into file artifacts/data_ingestion/data.zip]
[2024-06-15 19:01:01,823: INFO: data_ingestion: Downloaded data from https://drive.google.com/file/d/1vlhZ5c7abUKF8xXERIw6m9Te8fW7ohw3/view?usp=sharing into file artifacts/data_ingestion/data.zip]
[2024-06-15 19:01:06,154: INFO: main: >>>>>>> stage Data Ingestion Stage completed <<<<<<<<

x==========x]
[2024-06-15 19:01:06,154: INFO: main: >>>>>> stage prepare base model started <<<<<<<<]
[2024-06-15 19:01:06,155: INFO: common: yaml file: config\config.yaml loaded successfully]
[2024-06-15 19:01:06,157: INFO: common: yaml file: params.yaml loaded successfully]
[2024-06-15 19:01:06,158: INFO: common: created directory at: artifacts]
[2024-06-15 19:01:07,090: WARNING: saving_utils: Compiled the loaded model, but the compiled metrics have yet to be built. `model.compile_metrics` will be empty until you train or evaluate the model.]
[2024-06-15 19:01:07,370: INFO: main: >>>>>>> stage prepare base model completed <<<<<<<<

x==========x]
